<?xml version="1.0" encoding="UTF-8"?>
<testng-results skipped="0" failed="0" ignored="0" total="1" passed="1">
  <reporter-output>
  </reporter-output>
  <suite name="Suite" duration-ms="5925" started-at="2022-07-25T13:28:20 IST" finished-at="2022-07-25T13:28:26 IST">
    <groups>
    </groups>
    <test name="Test" duration-ms="5925" started-at="2022-07-25T13:28:20 IST" finished-at="2022-07-25T13:28:26 IST">
      <class name="mavenproject.TaskWebShopProject">
        <test-method status="PASS" signature="openBrowser()[pri:0, instance:mavenproject.TaskWebShopProject@51e2adc7]" name="openBrowser" is-config="true" duration-ms="6485" started-at="2022-07-25T13:28:13 IST" finished-at="2022-07-25T13:28:20 IST">
          <reporter-output>
          </reporter-output>
        </test-method> <!-- openBrowser -->
        <test-method status="PASS" signature="url(java.lang.String)[pri:0, instance:mavenproject.TaskWebShopProject@51e2adc7]" name="url" is-config="true" duration-ms="5772" started-at="2022-07-25T13:28:20 IST" finished-at="2022-07-25T13:28:26 IST">
          <params>
            <param index="0">
              <value>
                <![CDATA[http://demowebshop.tricentis.com/register]]>
              </value>
            </param>
          </params>
          <reporter-output>
          </reporter-output>
        </test-method> <!-- url -->
        <test-method status="PASS" signature="Register()[pri:0, instance:mavenproject.TaskWebShopProject@51e2adc7]" name="Register" duration-ms="18" started-at="2022-07-25T13:28:26 IST" finished-at="2022-07-25T13:28:26 IST">
          <reporter-output>
          </reporter-output>
        </test-method> <!-- Register -->
      </class> <!-- mavenproject.TaskWebShopProject -->
    </test> <!-- Test -->
  </suite> <!-- Suite -->
</testng-results>
